

Processing BlogsController#index (for 127.0.0.1 at 2010-05-09 14:16:08) [GET]

ActionController::UnknownAction (No action responded to index. Actions: ):
  

Rendering rescues/layout (not_found)


Processing BlogsController#index (for 127.0.0.1 at 2010-05-09 14:17:25) [GET]
Rendering blogs/index
Completed in 8ms (View: 6, DB: 0) | 200 OK [http://localhost/blogs]


Processing BlogsController#index (for 127.0.0.1 at 2010-05-09 14:17:29) [GET]
Rendering blogs/index
Completed in 5ms (View: 3, DB: 0) | 200 OK [http://localhost/blogs]
  [4;36;1mSQL (0.2ms)[0m   [0;1m SELECT name
 FROM sqlite_master
 WHERE type = 'table' AND NOT name = 'sqlite_sequence'
[0m
  [4;35;1mSQL (0.1ms)[0m   [0mselect sqlite_version(*)[0m
  [4;36;1mSQL (2.5ms)[0m   [0;1mCREATE TABLE "schema_migrations" ("version" varchar(255) NOT NULL) [0m
  [4;35;1mSQL (1.9ms)[0m   [0mCREATE UNIQUE INDEX "unique_schema_migrations" ON "schema_migrations" ("version")[0m
  [4;36;1mSQL (0.2ms)[0m   [0;1m SELECT name
 FROM sqlite_master
 WHERE type = 'table' AND NOT name = 'sqlite_sequence'
[0m
  [4;35;1mSQL (0.1ms)[0m   [0mSELECT version FROM schema_migrations[0m
Migrating to CreateBlogs (20100509191539)
  [4;36;1mSQL (0.5ms)[0m   [0;1mCREATE TABLE "blogs" ("id" INTEGER PRIMARY KEY AUTOINCREMENT NOT NULL, "title" varchar(255), "context" text, "created_at" datetime, "updated_at" datetime) [0m
  [4;35;1mSQL (0.1ms)[0m   [0mINSERT INTO schema_migrations (version) VALUES ('20100509191539')[0m
  [4;36;1mSQL (0.3ms)[0m   [0;1m SELECT name
 FROM sqlite_master
 WHERE type = 'table' AND NOT name = 'sqlite_sequence'
[0m
  [4;35;1mSQL (0.1ms)[0m   [0mSELECT version FROM schema_migrations[0m
  [4;36;1mSQL (0.2ms)[0m   [0;1m SELECT name
 FROM sqlite_master
 WHERE type = 'table' AND NOT name = 'sqlite_sequence'
[0m
  [4;35;1mSQL (0.0ms)[0m   [0mPRAGMA index_list("blogs")[0m
  [4;36;1mSQL (0.4ms)[0m   [0;1m SELECT name
 FROM sqlite_master
 WHERE type = 'table' AND NOT name = 'sqlite_sequence'
[0m
  [4;35;1mSQL (0.1ms)[0m   [0mSELECT version FROM schema_migrations[0m
Migrating to CreateBlogs (20100509191539)
  [4;36;1mSQL (0.1ms)[0m   [0;1mselect sqlite_version(*)[0m
  [4;35;1mSQL (0.2ms)[0m   [0m SELECT name
 FROM sqlite_master
 WHERE type = 'table' AND NOT name = 'sqlite_sequence'
[0m
  [4;36;1mSQL (0.1ms)[0m   [0;1mSELECT version FROM schema_migrations[0m
  [4;35;1mSQL (0.1ms)[0m   [0m SELECT name
 FROM sqlite_master
 WHERE type = 'table' AND NOT name = 'sqlite_sequence'
[0m
  [4;36;1mSQL (0.0ms)[0m   [0;1mPRAGMA index_list("blogs")[0m


Processing BlogsController#index (for 127.0.0.1 at 2010-05-09 14:19:37) [GET]
  [4;36;1mBlog Load (0.4ms)[0m   [0;1mSELECT * FROM "blogs" [0m
Rendering blogs/index
Completed in 62ms (View: 1, DB: 0) | 200 OK [http://localhost/blogs]


Processing BlogsController#index (for 127.0.0.1 at 2010-05-09 14:21:10) [GET]
  [4;35;1mBlog Load (0.3ms)[0m   [0mSELECT * FROM "blogs" [0m
Rendering blogs/index
Completed in 7ms (View: 4, DB: 0) | 200 OK [http://localhost/blogs]


Processing BlogsController#index (for 127.0.0.1 at 2010-05-09 14:21:11) [GET]
  [4;36;1mBlog Load (0.3ms)[0m   [0;1mSELECT * FROM "blogs" [0m
Rendering blogs/index
Completed in 4ms (View: 0, DB: 0) | 200 OK [http://localhost/blogs]


Processing BlogsController#index (for 127.0.0.1 at 2010-05-09 14:21:12) [GET]
  [4;35;1mBlog Load (0.3ms)[0m   [0mSELECT * FROM "blogs" [0m
Rendering blogs/index
Completed in 4ms (View: 1, DB: 0) | 200 OK [http://localhost/blogs]


Processing BlogsController#index (for 127.0.0.1 at 2010-05-09 14:21:25) [GET]
  [4;36;1mBlog Load (0.3ms)[0m   [0;1mSELECT * FROM "blogs" [0m
Rendering blogs/index

ActionView::TemplateError (undefined local variable or method `blogs' for #<ActionView::Base:0x1043b3b70>) on line #1 of app/views/blogs/index.html.erb:
1: Hello - You have <%= blogs.size %> blogs!
2: <%- @blogs.each do |blog| %>
3:   <p>
4:     <h3><%= blog.title %></h3>

    app/views/blogs/index.html.erb:1

Rendered rescues/_trace (44.8ms)
Rendered rescues/_request_and_response (1.6ms)
Rendering rescues/layout (internal_server_error)


Processing BlogsController#index (for 127.0.0.1 at 2010-05-09 14:21:29) [GET]
  [4;35;1mBlog Load (0.3ms)[0m   [0mSELECT * FROM "blogs" [0m
Rendering blogs/index
Completed in 8ms (View: 5, DB: 0) | 200 OK [http://localhost/blogs]


Processing BlogsController#index (for 127.0.0.1 at 2010-05-09 14:22:07) [GET]
  [4;36;1mBlog Load (0.3ms)[0m   [0;1mSELECT * FROM "blogs" [0m
Rendering blogs/index
Completed in 36ms (View: 33, DB: 0) | 200 OK [http://localhost/blogs]


Processing BlogsController#new (for 127.0.0.1 at 2010-05-09 14:22:10) [GET]

ActionController::UnknownAction (No action responded to new. Actions: index):
  

Rendering rescues/layout (not_found)


Processing BlogsController#new (for 127.0.0.1 at 2010-05-09 14:22:24) [GET]

ActionController::UnknownAction (No action responded to new. Actions: index):
  

Rendering rescues/layout (not_found)


Processing BlogsController#new (for 127.0.0.1 at 2010-05-09 14:22:32) [GET]
Rendering blogs/new
Completed in 7ms (View: 6, DB: 0) | 200 OK [http://localhost/blogs/new]


Processing BlogsController#new (for 127.0.0.1 at 2010-05-09 14:23:07) [GET]
Rendering blogs/new
Completed in 6ms (View: 5, DB: 0) | 200 OK [http://localhost/blogs/new]


Processing BlogsController#new (for 127.0.0.1 at 2010-05-09 14:23:13) [GET]
Rendering blogs/new
ERROR: compiling _run_erb_app47views47blogs47new46html46erb RAISED compile error
/Users/ericmeyer/Projects/fun/teaching_cyrus/blog3/app/views/blogs/new.html.erb:3: syntax error, unexpected kENSURE, expecting $end
Function body:           def _run_erb_app47views47blogs47new46html46erb(local_assigns)
            old_output_buffer = output_buffer;;@output_buffer = '';  __in_erb_template=true ;  form_tag "/blogs/create"; @output_buffer.concat "\n"
end; @output_buffer
          ensure
            self.output_buffer = old_output_buffer
          end
Backtrace: /Users/ericmeyer/Projects/fun/teaching_cyrus/blog3/app/views/blogs/new.html.erb:3:in `compile!'
/opt/local/lib/ruby/gems/1.8/gems/actionpack-2.3.5/lib/action_view/renderable.rb:61:in `compile'
/opt/local/lib/ruby/gems/1.8/gems/actionpack-2.3.5/lib/action_view/renderable.rb:28:in `render'
/opt/local/lib/ruby/gems/1.8/gems/actionpack-2.3.5/lib/action_view/template.rb:205:in `render_template'
/opt/local/lib/ruby/gems/1.8/gems/actionpack-2.3.5/lib/action_view/base.rb:265:in `render'
/opt/local/lib/ruby/gems/1.8/gems/actionpack-2.3.5/lib/action_controller/base.rb:1250:in `render_for_file'
/opt/local/lib/ruby/gems/1.8/gems/actionpack-2.3.5/lib/action_controller/base.rb:945:in `render_without_benchmark'
/opt/local/lib/ruby/gems/1.8/gems/actionpack-2.3.5/lib/action_controller/benchmarking.rb:51:in `render'
/opt/local/lib/ruby/gems/1.8/gems/activesupport-2.3.5/lib/active_support/core_ext/benchmark.rb:17:in `ms'
/opt/local/lib/ruby/gems/1.8/gems/activesupport-2.3.5/lib/active_support/core_ext/benchmark.rb:10:in `realtime'
/opt/local/lib/ruby/gems/1.8/gems/activesupport-2.3.5/lib/active_support/core_ext/benchmark.rb:17:in `ms'
/opt/local/lib/ruby/gems/1.8/gems/actionpack-2.3.5/lib/action_controller/benchmarking.rb:51:in `render'
/opt/local/lib/ruby/gems/1.8/gems/actionpack-2.3.5/lib/action_controller/base.rb:1326:in `default_render'
/opt/local/lib/ruby/gems/1.8/gems/actionpack-2.3.5/lib/action_controller/base.rb:1338:in `perform_action_without_filters'
/opt/local/lib/ruby/gems/1.8/gems/actionpack-2.3.5/lib/action_controller/filters.rb:617:in `call_filters'
/opt/local/lib/ruby/gems/1.8/gems/actionpack-2.3.5/lib/action_controller/filters.rb:610:in `perform_action_without_benchmark'
/opt/local/lib/ruby/gems/1.8/gems/actionpack-2.3.5/lib/action_controller/benchmarking.rb:68:in `perform_action_without_rescue'
/opt/local/lib/ruby/gems/1.8/gems/activesupport-2.3.5/lib/active_support/core_ext/benchmark.rb:17:in `ms'
/opt/local/lib/ruby/gems/1.8/gems/activesupport-2.3.5/lib/active_support/core_ext/benchmark.rb:10:in `realtime'
/opt/local/lib/ruby/gems/1.8/gems/activesupport-2.3.5/lib/active_support/core_ext/benchmark.rb:17:in `ms'
/opt/local/lib/ruby/gems/1.8/gems/actionpack-2.3.5/lib/action_controller/benchmarking.rb:68:in `perform_action_without_rescue'
/opt/local/lib/ruby/gems/1.8/gems/actionpack-2.3.5/lib/action_controller/rescue.rb:160:in `perform_action_without_flash'
/opt/local/lib/ruby/gems/1.8/gems/actionpack-2.3.5/lib/action_controller/flash.rb:146:in `perform_action'
/opt/local/lib/ruby/gems/1.8/gems/actionpack-2.3.5/lib/action_controller/base.rb:532:in `send'
/opt/local/lib/ruby/gems/1.8/gems/actionpack-2.3.5/lib/action_controller/base.rb:532:in `process_without_filters'
/opt/local/lib/ruby/gems/1.8/gems/actionpack-2.3.5/lib/action_controller/filters.rb:606:in `process'
/opt/local/lib/ruby/gems/1.8/gems/actionpack-2.3.5/lib/action_controller/base.rb:391:in `process'
/opt/local/lib/ruby/gems/1.8/gems/actionpack-2.3.5/lib/action_controller/base.rb:386:in `call'
/opt/local/lib/ruby/gems/1.8/gems/actionpack-2.3.5/lib/action_controller/routing/route_set.rb:437:in `call'
/opt/local/lib/ruby/gems/1.8/gems/actionpack-2.3.5/lib/action_controller/dispatcher.rb:87:in `dispatch'
/opt/local/lib/ruby/gems/1.8/gems/actionpack-2.3.5/lib/action_controller/dispatcher.rb:121:in `_call'
/opt/local/lib/ruby/gems/1.8/gems/actionpack-2.3.5/lib/action_controller/dispatcher.rb:130:in `build_middleware_stack'
/opt/local/lib/ruby/gems/1.8/gems/activerecord-2.3.5/lib/active_record/query_cache.rb:29:in `call'
/opt/local/lib/ruby/gems/1.8/gems/activerecord-2.3.5/lib/active_record/query_cache.rb:29:in `call'
/opt/local/lib/ruby/gems/1.8/gems/activerecord-2.3.5/lib/active_record/connection_adapters/abstract/query_cache.rb:34:in `cache'
/opt/local/lib/ruby/gems/1.8/gems/activerecord-2.3.5/lib/active_record/query_cache.rb:9:in `cache'
/opt/local/lib/ruby/gems/1.8/gems/activerecord-2.3.5/lib/active_record/query_cache.rb:28:in `call'
/opt/local/lib/ruby/gems/1.8/gems/activerecord-2.3.5/lib/active_record/connection_adapters/abstract/connection_pool.rb:361:in `call'
/opt/local/lib/ruby/gems/1.8/gems/actionpack-2.3.5/lib/action_controller/string_coercion.rb:25:in `call'
/opt/local/lib/ruby/gems/1.8/gems/rack-1.0.1/lib/rack/head.rb:9:in `call'
/opt/local/lib/ruby/gems/1.8/gems/rack-1.0.1/lib/rack/methodoverride.rb:24:in `call'
/opt/local/lib/ruby/gems/1.8/gems/actionpack-2.3.5/lib/action_controller/params_parser.rb:15:in `call'
/opt/local/lib/ruby/gems/1.8/gems/actionpack-2.3.5/lib/action_controller/session/cookie_store.rb:93:in `call'
/opt/local/lib/ruby/gems/1.8/gems/actionpack-2.3.5/lib/action_controller/failsafe.rb:26:in `call'
/opt/local/lib/ruby/gems/1.8/gems/rack-1.0.1/lib/rack/lock.rb:11:in `call'
/opt/local/lib/ruby/gems/1.8/gems/rack-1.0.1/lib/rack/lock.rb:11:in `synchronize'
/opt/local/lib/ruby/gems/1.8/gems/rack-1.0.1/lib/rack/lock.rb:11:in `call'
/opt/local/lib/ruby/gems/1.8/gems/actionpack-2.3.5/lib/action_controller/dispatcher.rb:114:in `call'
/opt/local/lib/ruby/gems/1.8/gems/actionpack-2.3.5/lib/action_controller/reloader.rb:34:in `run'
/opt/local/lib/ruby/gems/1.8/gems/actionpack-2.3.5/lib/action_controller/dispatcher.rb:108:in `call'
/opt/local/lib/ruby/gems/1.8/gems/rails-2.3.5/lib/rails/rack/static.rb:31:in `call'
/opt/local/lib/ruby/gems/1.8/gems/rack-1.0.1/lib/rack/urlmap.rb:46:in `call'
/opt/local/lib/ruby/gems/1.8/gems/rack-1.0.1/lib/rack/urlmap.rb:40:in `each'
/opt/local/lib/ruby/gems/1.8/gems/rack-1.0.1/lib/rack/urlmap.rb:40:in `call'
/opt/local/lib/ruby/gems/1.8/gems/rails-2.3.5/lib/rails/rack/log_tailer.rb:17:in `call'
/opt/local/lib/ruby/gems/1.8/gems/rack-1.0.1/lib/rack/content_length.rb:13:in `call'
/opt/local/lib/ruby/gems/1.8/gems/rack-1.0.1/lib/rack/chunked.rb:15:in `call'
/opt/local/lib/ruby/gems/1.8/gems/rack-1.0.1/lib/rack/handler/mongrel.rb:64:in `process'
/opt/local/lib/ruby/gems/1.8/gems/mongrel-1.1.5/lib/mongrel.rb:159:in `process_client'
/opt/local/lib/ruby/gems/1.8/gems/mongrel-1.1.5/lib/mongrel.rb:158:in `each'
/opt/local/lib/ruby/gems/1.8/gems/mongrel-1.1.5/lib/mongrel.rb:158:in `process_client'
/opt/local/lib/ruby/gems/1.8/gems/mongrel-1.1.5/lib/mongrel.rb:285:in `run'
/opt/local/lib/ruby/gems/1.8/gems/mongrel-1.1.5/lib/mongrel.rb:285:in `initialize'
/opt/local/lib/ruby/gems/1.8/gems/mongrel-1.1.5/lib/mongrel.rb:285:in `new'
/opt/local/lib/ruby/gems/1.8/gems/mongrel-1.1.5/lib/mongrel.rb:285:in `run'
/opt/local/lib/ruby/gems/1.8/gems/mongrel-1.1.5/lib/mongrel.rb:268:in `initialize'
/opt/local/lib/ruby/gems/1.8/gems/mongrel-1.1.5/lib/mongrel.rb:268:in `new'
/opt/local/lib/ruby/gems/1.8/gems/mongrel-1.1.5/lib/mongrel.rb:268:in `run'
/opt/local/lib/ruby/gems/1.8/gems/rack-1.0.1/lib/rack/handler/mongrel.rb:34:in `run'
/opt/local/lib/ruby/gems/1.8/gems/rails-2.3.5/lib/commands/server.rb:111
/opt/local/lib/ruby/site_ruby/1.8/rubygems/custom_require.rb:31:in `gem_original_require'
/opt/local/lib/ruby/site_ruby/1.8/rubygems/custom_require.rb:31:in `require'
script/server:3

ActionView::TemplateError (compile error
/Users/ericmeyer/Projects/fun/teaching_cyrus/blog3/app/views/blogs/new.html.erb:3: syntax error, unexpected kENSURE, expecting $end) on line #3 of app/views/blogs/new.html.erb:
1: <% form_tag "/blogs/create"%>
2: <%end%>

    app/views/blogs/new.html.erb:3:in `compile!'

Rendered rescues/_trace (99.6ms)
Rendered rescues/_request_and_response (0.3ms)
Rendering rescues/layout (internal_server_error)


Processing BlogsController#new (for 127.0.0.1 at 2010-05-09 14:23:19) [GET]
Rendering blogs/new
Completed in 6ms (View: 4, DB: 0) | 200 OK [http://localhost/blogs/new]


Processing BlogsController#new (for 127.0.0.1 at 2010-05-09 14:23:50) [GET]
Rendering blogs/new
Completed in 6ms (View: 4, DB: 0) | 200 OK [http://localhost/blogs/new]


Processing BlogsController#new (for 127.0.0.1 at 2010-05-09 14:24:59) [GET]
Rendering blogs/new
Completed in 7ms (View: 6, DB: 0) | 200 OK [http://localhost/blogs/new]


Processing BlogsController#new (for 127.0.0.1 at 2010-05-09 14:25:06) [GET]
Rendering blogs/new

ActionView::TemplateError (wrong number of arguments (1 for 2)) on line #9 of app/views/blogs/new.html.erb:
6:     </tr>
7:     <tr>
8:       <td>Content:</td>
9:       <td><%= text_area "content" %></td>
10:     </tr>
11:   </table>
12:       

    app/views/blogs/new.html.erb:9:in `text_area'
    app/views/blogs/new.html.erb:9
    app/views/blogs/new.html.erb:1

Rendered rescues/_trace (43.9ms)
Rendered rescues/_request_and_response (0.3ms)
Rendering rescues/layout (internal_server_error)


Processing BlogsController#new (for 127.0.0.1 at 2010-05-09 14:25:12) [GET]
Rendering blogs/new
Completed in 7ms (View: 5, DB: 0) | 200 OK [http://localhost/blogs/new]


Processing BlogsController#new (for 127.0.0.1 at 2010-05-09 14:27:00) [GET]
Rendering blogs/new
Completed in 7ms (View: 5, DB: 0) | 200 OK [http://localhost/blogs/new]


Processing BlogsController#create (for 127.0.0.1 at 2010-05-09 14:27:17) [POST]
  Parameters: {"commit"=>"Create!", "title"=>"Cyrus is dumb", "authenticity_token"=>"WuOruuhXqG+1rtfnxeEkzQBj3arIRchZOUKe4772AqY=", "content"=>"This is a long blog.  This is a long blog.  This is a long blog.  This is a long blog.  "}

ActionController::UnknownAction (No action responded to create. Actions: index):
  

Rendering rescues/layout (not_found)


Processing BlogsController#create (for 127.0.0.1 at 2010-05-09 14:29:50) [POST]
  Parameters: {"commit"=>"Create!", "title"=>"Cyrus is dumb", "authenticity_token"=>"WuOruuhXqG+1rtfnxeEkzQBj3arIRchZOUKe4772AqY=", "content"=>"This is a long blog.  This is a long blog.  This is a long blog.  This is a long blog.  "}

ActiveRecord::UnknownAttributeError (unknown attribute: content):
  app/controllers/blogs_controller.rb:7:in `create'

Rendered rescues/_trace (37.5ms)
Rendered rescues/_request_and_response (0.4ms)
Rendering rescues/layout (internal_server_error)
  [4;36;1mSQL (0.4ms)[0m   [0;1m SELECT name
 FROM sqlite_master
 WHERE type = 'table' AND NOT name = 'sqlite_sequence'
[0m
  [4;35;1mSQL (0.1ms)[0m   [0mSELECT version FROM schema_migrations[0m
  [4;36;1mSQL (0.1ms)[0m   [0;1m SELECT name
 FROM sqlite_master
 WHERE type = 'table' AND NOT name = 'sqlite_sequence'
[0m
  [4;35;1mSQL (0.1ms)[0m   [0mSELECT version FROM schema_migrations[0m
Migrating to CreateBlogs (20100509191539)
  [4;36;1mSQL (0.1ms)[0m   [0;1mselect sqlite_version(*)[0m
  [4;35;1mSQL (0.6ms)[0m   [0mDROP TABLE "blogs"[0m
  [4;36;1mSQL (0.1ms)[0m   [0;1mDELETE FROM schema_migrations WHERE version = '20100509191539'[0m
  [4;35;1mSQL (0.2ms)[0m   [0m SELECT name
 FROM sqlite_master
 WHERE type = 'table' AND NOT name = 'sqlite_sequence'
[0m
  [4;36;1mSQL (0.1ms)[0m   [0;1mSELECT version FROM schema_migrations[0m
  [4;35;1mSQL (0.1ms)[0m   [0m SELECT name
 FROM sqlite_master
 WHERE type = 'table' AND NOT name = 'sqlite_sequence'
[0m
  [4;36;1mSQL (0.4ms)[0m   [0;1m SELECT name
 FROM sqlite_master
 WHERE type = 'table' AND NOT name = 'sqlite_sequence'
[0m
  [4;35;1mSQL (0.1ms)[0m   [0mSELECT version FROM schema_migrations[0m
Migrating to CreateBlogs (20100509191539)
  [4;36;1mSQL (0.1ms)[0m   [0;1mselect sqlite_version(*)[0m
  [4;35;1mSQL (0.4ms)[0m   [0mCREATE TABLE "blogs" ("id" INTEGER PRIMARY KEY AUTOINCREMENT NOT NULL, "title" varchar(255), "content" text, "created_at" datetime, "updated_at" datetime) [0m
  [4;36;1mSQL (0.1ms)[0m   [0;1mINSERT INTO schema_migrations (version) VALUES ('20100509191539')[0m
  [4;35;1mSQL (0.2ms)[0m   [0m SELECT name
 FROM sqlite_master
 WHERE type = 'table' AND NOT name = 'sqlite_sequence'
[0m
  [4;36;1mSQL (0.1ms)[0m   [0;1mSELECT version FROM schema_migrations[0m
  [4;35;1mSQL (0.1ms)[0m   [0m SELECT name
 FROM sqlite_master
 WHERE type = 'table' AND NOT name = 'sqlite_sequence'
[0m
  [4;36;1mSQL (0.0ms)[0m   [0;1mPRAGMA index_list("blogs")[0m


Processing BlogsController#create (for 127.0.0.1 at 2010-05-09 14:30:19) [POST]
  Parameters: {"commit"=>"Create!", "title"=>"Cyrus is dumb", "authenticity_token"=>"WuOruuhXqG+1rtfnxeEkzQBj3arIRchZOUKe4772AqY=", "content"=>"This is a long blog.  This is a long blog.  This is a long blog.  This is a long blog.  "}
  [4;35;1mBlog Create (0.4ms)[0m   [0mINSERT INTO "blogs" ("updated_at", "title", "content", "created_at") VALUES('2010-05-09 19:30:19', 'Cyrus is dumb', 'This is a long blog. This is a long blog. This is a long blog. This is a long blog. ', '2010-05-09 19:30:19')[0m

NoMethodError (undefined method `index_url' for #<BlogsController:0x10418dda0>):
  app/controllers/blogs_controller.rb:8:in `create'

Rendered rescues/_trace (100.4ms)
Rendered rescues/_request_and_response (0.4ms)
Rendering rescues/layout (internal_server_error)


Processing BlogsController#create (for 127.0.0.1 at 2010-05-09 14:30:47) [POST]
  Parameters: {"commit"=>"Create!", "title"=>"Eric is smart", "authenticity_token"=>"WuOruuhXqG+1rtfnxeEkzQBj3arIRchZOUKe4772AqY=", "content"=>"obviously"}
  [4;36;1mBlog Create (0.3ms)[0m   [0;1mINSERT INTO "blogs" ("updated_at", "title", "content", "created_at") VALUES('2010-05-09 19:30:47', 'Eric is smart', 'obviously', '2010-05-09 19:30:47')[0m
Redirected to http://localhost:9999/blogs
Completed in 8ms (DB: 0) | 302 Found [http://localhost/blogs/create]


Processing BlogsController#index (for 127.0.0.1 at 2010-05-09 14:30:47) [GET]
  [4;35;1mBlog Load (0.5ms)[0m   [0mSELECT * FROM "blogs" [0m
Rendering blogs/index
Completed in 9ms (View: 6, DB: 1) | 200 OK [http://localhost/blogs]


Processing BlogsController#index (for 127.0.0.1 at 2010-05-09 14:31:54) [GET]
  [4;36;1mBlog Load (0.5ms)[0m   [0;1mSELECT * FROM "blogs" [0m
Rendering blogs/index
Completed in 9ms (View: 6, DB: 0) | 200 OK [http://localhost/blogs]


Processing BlogsController#index (for 127.0.0.1 at 2010-05-09 14:32:28) [GET]
  [4;35;1mBlog Load (0.5ms)[0m   [0mSELECT * FROM "blogs" [0m
Rendering blogs/index

ActionView::TemplateError (edit_blog_url failed to generate from {:action=>"edit", :controller=>"blogs"} - you may have ambiguous routes, or you may need to supply additional parameters for this route.  content_url has the following required parameters: ["blogs", :id, "edit"] - are they all satisfied?) on line #5 of app/views/blogs/index.html.erb:
2: <%= link_to "New Blog", new_blog_path %>
3: <%- @blogs.each do |blog| %>
4:   <p>
5:     <h3><%= blog.title %></h3> - <%= link_to "Edit", edit_blog_path %>
6:   </p>
7:   <p>
8:     <%= blog.content %>

    (eval):16:in `edit_blog_path'
    app/views/blogs/index.html.erb:5
    app/views/blogs/index.html.erb:3:in `each'
    app/views/blogs/index.html.erb:3

Rendered rescues/_trace (110.4ms)
Rendered rescues/_request_and_response (0.3ms)
Rendering rescues/layout (internal_server_error)


Processing BlogsController#index (for 127.0.0.1 at 2010-05-09 14:32:38) [GET]
  [4;36;1mBlog Load (0.4ms)[0m   [0;1mSELECT * FROM "blogs" [0m
Rendering blogs/index
Completed in 9ms (View: 6, DB: 0) | 200 OK [http://localhost/blogs]


Processing BlogsController#index (for 127.0.0.1 at 2010-05-09 14:32:52) [GET]
  [4;35;1mBlog Load (0.4ms)[0m   [0mSELECT * FROM "blogs" [0m
Rendering blogs/index
Completed in 9ms (View: 6, DB: 0) | 200 OK [http://localhost/blogs]


Processing BlogsController#edit (for 127.0.0.1 at 2010-05-09 14:33:05) [GET]
  Parameters: {"id"=>"1"}

ActionController::UnknownAction (No action responded to edit. Actions: create and index):
  

Rendering rescues/layout (not_found)


Processing BlogsController#edit (for 127.0.0.1 at 2010-05-09 14:35:02) [GET]
  Parameters: {"id"=>"1"}
Rendering blogs/edit
Completed in 7ms (View: 5, DB: 0) | 200 OK [http://localhost/blogs/1/edit]


Processing BlogsController#edit (for 127.0.0.1 at 2010-05-09 14:37:45) [GET]
  Parameters: {"id"=>"1"}
  [4;36;1mBlog Load (0.2ms)[0m   [0;1mSELECT * FROM "blogs" WHERE ("blogs"."id" = 1) [0m
Rendering blogs/edit
Completed in 5ms (View: 1, DB: 0) | 200 OK [http://localhost/blogs/1/edit]


Processing BlogsController#edit (for 127.0.0.1 at 2010-05-09 14:38:51) [GET]
  Parameters: {"id"=>"1"}
  [4;35;1mBlog Load (0.2ms)[0m   [0mSELECT * FROM "blogs" WHERE ("blogs"."id" = 1) [0m
Rendering blogs/edit
Completed in 9ms (View: 5, DB: 0) | 200 OK [http://localhost/blogs/1/edit]


Processing BlogsController#edit (for 127.0.0.1 at 2010-05-09 14:40:12) [GET]
  Parameters: {"id"=>"1"}
  [4;36;1mBlog Load (0.2ms)[0m   [0;1mSELECT * FROM "blogs" WHERE ("blogs"."id" = 1) [0m
Rendering blogs/edit
Completed in 73ms (View: 69, DB: 0) | 200 OK [http://localhost/blogs/1/edit]


Processing BlogsController#edit (for 127.0.0.1 at 2010-05-09 14:40:30) [GET]
  Parameters: {"id"=>"1"}
  [4;35;1mBlog Load (0.2ms)[0m   [0mSELECT * FROM "blogs" WHERE ("blogs"."id" = 1) [0m
Rendering blogs/edit
Completed in 11ms (View: 7, DB: 0) | 200 OK [http://localhost/blogs/1/edit]


Processing BlogsController#edit (for 127.0.0.1 at 2010-05-09 14:41:32) [GET]
  Parameters: {"id"=>"1"}
  [4;36;1mBlog Load (0.2ms)[0m   [0;1mSELECT * FROM "blogs" WHERE ("blogs"."id" = 1) [0m
Rendering blogs/edit
Completed in 8ms (View: 3, DB: 0) | 200 OK [http://localhost/blogs/1/edit]


Processing BlogsController#update (for 127.0.0.1 at 2010-05-09 14:41:36) [PUT]
  Parameters: {"commit"=>"Create!", "blog"=>{"title"=>"Cyrus is dumb", "content"=>"This is a long blog.  This is a long blog.  This is a long blog.  This is a long blog.  "}, "authenticity_token"=>"WuOruuhXqG+1rtfnxeEkzQBj3arIRchZOUKe4772AqY=", "id"=>"1"}

ActionController::UnknownAction (No action responded to update. Actions: create, edit, and index):
  

Rendering rescues/layout (not_found)


Processing BlogsController#update (for 127.0.0.1 at 2010-05-09 14:44:08) [PUT]
  Parameters: {"commit"=>"Create!", "blog"=>{"title"=>"Cyrus is dumb", "content"=>"This is a long blog.  This is a long blog.  This is a long blog.  This is a long blog.  "}, "authenticity_token"=>"WuOruuhXqG+1rtfnxeEkzQBj3arIRchZOUKe4772AqY=", "id"=>"1"}
Rendering blogs/update
Completed in 7ms (View: 6, DB: 0) | 200 OK [http://localhost/blogs/1]


Processing BlogsController#update (for 127.0.0.1 at 2010-05-09 14:47:03) [PUT]
  Parameters: {"commit"=>"Create!", "blog"=>{"title"=>"Cyrus is cool", "content"=>"This is a long blog.  This is a long blog.  This is a long blog.  This is a long blog.  x"}, "authenticity_token"=>"WuOruuhXqG+1rtfnxeEkzQBj3arIRchZOUKe4772AqY=", "id"=>"1"}
  [4;35;1mBlog Load (0.2ms)[0m   [0mSELECT * FROM "blogs" WHERE ("blogs"."id" = 1) [0m
  [4;36;1mBlog Update (0.3ms)[0m   [0;1mUPDATE "blogs" SET "content" = 'This is a long blog. This is a long blog. This is a long blog. This is a long blog. x', "title" = 'Cyrus is cool', "updated_at" = '2010-05-09 19:47:03' WHERE "id" = 1[0m
Redirected to http://localhost:9999/blogs
Completed in 8ms (DB: 0) | 302 Found [http://localhost/blogs/1]


Processing BlogsController#index (for 127.0.0.1 at 2010-05-09 14:47:03) [GET]
  [4;35;1mBlog Load (0.5ms)[0m   [0mSELECT * FROM "blogs" [0m
Rendering blogs/index
Completed in 6ms (View: 2, DB: 0) | 200 OK [http://localhost/blogs]


Processing BlogsController#edit (for 127.0.0.1 at 2010-05-09 14:47:07) [GET]
  Parameters: {"id"=>"2"}
  [4;36;1mBlog Load (0.2ms)[0m   [0;1mSELECT * FROM "blogs" WHERE ("blogs"."id" = 2) [0m
Rendering blogs/edit
Completed in 8ms (View: 3, DB: 0) | 200 OK [http://localhost/blogs/2/edit]


Processing BlogsController#update (for 127.0.0.1 at 2010-05-09 14:47:13) [PUT]
  Parameters: {"commit"=>"Create!", "blog"=>{"title"=>"Eric is not smart", "content"=>"obviously"}, "authenticity_token"=>"WuOruuhXqG+1rtfnxeEkzQBj3arIRchZOUKe4772AqY=", "id"=>"2"}
  [4;35;1mBlog Load (0.2ms)[0m   [0mSELECT * FROM "blogs" WHERE ("blogs"."id" = 2) [0m
  [4;36;1mBlog Update (0.3ms)[0m   [0;1mUPDATE "blogs" SET "title" = 'Eric is not smart', "updated_at" = '2010-05-09 19:47:13' WHERE "id" = 2[0m
Redirected to http://localhost:9999/blogs
Completed in 9ms (DB: 0) | 302 Found [http://localhost/blogs/2]


Processing BlogsController#index (for 127.0.0.1 at 2010-05-09 14:47:13) [GET]
  [4;35;1mBlog Load (0.5ms)[0m   [0mSELECT * FROM "blogs" [0m
Rendering blogs/index
Completed in 6ms (View: 2, DB: 0) | 200 OK [http://localhost/blogs]


Processing BlogsController#new (for 127.0.0.1 at 2010-05-09 14:47:26) [GET]
Rendering blogs/new
Completed in 4ms (View: 2, DB: 0) | 200 OK [http://localhost/blogs/new]


Processing BlogsController#create (for 127.0.0.1 at 2010-05-09 14:47:46) [POST]
  Parameters: {"commit"=>"Create!", "title"=>"title", "authenticity_token"=>"WuOruuhXqG+1rtfnxeEkzQBj3arIRchZOUKe4772AqY=", "content"=>"comment"}
  [4;36;1mBlog Create (0.3ms)[0m   [0;1mINSERT INTO "blogs" ("updated_at", "title", "content", "created_at") VALUES('2010-05-09 19:47:46', 'title', 'comment', '2010-05-09 19:47:46')[0m
Redirected to http://localhost:9999/blogs
Completed in 8ms (DB: 0) | 302 Found [http://localhost/blogs/create]


Processing BlogsController#index (for 127.0.0.1 at 2010-05-09 14:47:46) [GET]
  [4;35;1mBlog Load (0.6ms)[0m   [0mSELECT * FROM "blogs" [0m
Rendering blogs/index
Completed in 7ms (View: 3, DB: 1) | 200 OK [http://localhost/blogs]


Processing BlogsController#index (for 127.0.0.1 at 2010-05-09 14:49:46) [GET]
  [4;36;1mBlog Load (0.6ms)[0m   [0;1mSELECT * FROM "blogs" [0m
Rendering blogs/index

ActionView::TemplateError (blog_url failed to generate from {:action=>"show", :controller=>"blogs"} - you may have ambiguous routes, or you may need to supply additional parameters for this route.  content_url has the following required parameters: ["blogs", :id] - are they all satisfied?) on line #5 of app/views/blogs/index.html.erb:
2: <%= link_to "New Blog", new_blog_path %>
3: <%- @blogs.each do |blog| %>
4:   <p>
5:     <h3><%= blog.title %> - <%= link_to "Edit", edit_blog_path(blog)%>, <%= link_to "Delete", blog_path%></h3>
6:   </p>
7:   <p>
8:     <%= blog.content %>

    (eval):16:in `blog_path'
    app/views/blogs/index.html.erb:5
    app/views/blogs/index.html.erb:3:in `each'
    app/views/blogs/index.html.erb:3

Rendered rescues/_trace (47.9ms)
Rendered rescues/_request_and_response (1.5ms)
Rendering rescues/layout (internal_server_error)


Processing BlogsController#index (for 127.0.0.1 at 2010-05-09 14:49:51) [GET]
  [4;35;1mBlog Load (0.5ms)[0m   [0mSELECT * FROM "blogs" [0m
Rendering blogs/index
Completed in 11ms (View: 7, DB: 1) | 200 OK [http://localhost/blogs]


Processing BlogsController#show (for 127.0.0.1 at 2010-05-09 14:49:57) [GET]
  Parameters: {"id"=>"1"}

ActionController::UnknownAction (No action responded to show. Actions: create, edit, index, and update):
  

Rendering rescues/layout (not_found)


Processing BlogsController#index (for 127.0.0.1 at 2010-05-09 14:50:17) [GET]
  [4;36;1mBlog Load (0.5ms)[0m   [0;1mSELECT * FROM "blogs" [0m
Rendering blogs/index
Completed in 17ms (View: 13, DB: 1) | 200 OK [http://localhost/blogs]


Processing BlogsController#destroy (for 127.0.0.1 at 2010-05-09 14:50:28) [DELETE]
  Parameters: {"authenticity_token"=>"WuOruuhXqG+1rtfnxeEkzQBj3arIRchZOUKe4772AqY=", "id"=>"1"}

ActionController::UnknownAction (No action responded to destroy. Actions: create, edit, index, and update):
  

Rendering rescues/layout (not_found)


Processing ApplicationController#destroy (for 127.0.0.1 at 2010-05-09 14:51:12) [DELETE]
  Parameters: {"authenticity_token"=>"WuOruuhXqG+1rtfnxeEkzQBj3arIRchZOUKe4772AqY=", "id"=>"1"}

SyntaxError (/Users/ericmeyer/Projects/fun/teaching_cyrus/blog3/app/controllers/blogs_controller.rb:24: syntax error, unexpected $end, expecting kEND):
  

Rendered rescues/_trace (32.9ms)
Rendered rescues/_request_and_response (0.4ms)
Rendering rescues/layout (internal_server_error)


Processing BlogsController#destroy (for 127.0.0.1 at 2010-05-09 14:51:24) [DELETE]
  Parameters: {"authenticity_token"=>"WuOruuhXqG+1rtfnxeEkzQBj3arIRchZOUKe4772AqY=", "id"=>"1"}

ActionController::UnknownAction (No action responded to destroy. Actions: create, edit, index, and update):
  

Rendering rescues/layout (not_found)


Processing BlogsController#destroy (for 127.0.0.1 at 2010-05-09 14:52:39) [DELETE]
  Parameters: {"authenticity_token"=>"WuOruuhXqG+1rtfnxeEkzQBj3arIRchZOUKe4772AqY=", "id"=>"1"}
  [4;35;1mBlog Load (0.2ms)[0m   [0mSELECT * FROM "blogs" WHERE ("blogs"."id" = 1) [0m
  [4;36;1mBlog Destroy (0.3ms)[0m   [0;1mDELETE FROM "blogs" WHERE "id" = 1[0m
Redirected to http://localhost:9999/blogs
Completed in 8ms (DB: 0) | 302 Found [http://localhost/blogs/1]


Processing BlogsController#index (for 127.0.0.1 at 2010-05-09 14:52:39) [GET]
  [4;35;1mBlog Load (0.5ms)[0m   [0mSELECT * FROM "blogs" [0m
Rendering blogs/index
Completed in 13ms (View: 9, DB: 0) | 200 OK [http://localhost/blogs]


Processing BlogsController#destroy (for 127.0.0.1 at 2010-05-09 14:52:43) [DELETE]
  Parameters: {"authenticity_token"=>"WuOruuhXqG+1rtfnxeEkzQBj3arIRchZOUKe4772AqY=", "id"=>"2"}
  [4;36;1mBlog Load (0.2ms)[0m   [0;1mSELECT * FROM "blogs" WHERE ("blogs"."id" = 2) [0m
  [4;35;1mBlog Destroy (0.2ms)[0m   [0mDELETE FROM "blogs" WHERE "id" = 2[0m
Redirected to http://localhost:9999/blogs
Completed in 8ms (DB: 0) | 302 Found [http://localhost/blogs/2]


Processing BlogsController#index (for 127.0.0.1 at 2010-05-09 14:52:43) [GET]
  [4;36;1mBlog Load (0.4ms)[0m   [0;1mSELECT * FROM "blogs" [0m
Rendering blogs/index
Completed in 8ms (View: 4, DB: 0) | 200 OK [http://localhost/blogs]


Processing BlogsController#destroy (for 127.0.0.1 at 2010-05-09 14:52:44) [DELETE]
  Parameters: {"authenticity_token"=>"WuOruuhXqG+1rtfnxeEkzQBj3arIRchZOUKe4772AqY=", "id"=>"3"}
  [4;35;1mBlog Load (0.3ms)[0m   [0mSELECT * FROM "blogs" WHERE ("blogs"."id" = 3) [0m
  [4;36;1mBlog Destroy (0.2ms)[0m   [0;1mDELETE FROM "blogs" WHERE "id" = 3[0m
Redirected to http://localhost:9999/blogs
Completed in 9ms (DB: 0) | 302 Found [http://localhost/blogs/3]


Processing BlogsController#index (for 127.0.0.1 at 2010-05-09 14:52:44) [GET]
  [4;35;1mBlog Load (0.3ms)[0m   [0mSELECT * FROM "blogs" [0m
Rendering blogs/index
Completed in 4ms (View: 1, DB: 0) | 200 OK [http://localhost/blogs]


Processing BlogsController#new (for 127.0.0.1 at 2010-05-09 14:52:49) [GET]
Rendering blogs/new
Completed in 70ms (View: 6, DB: 0) | 200 OK [http://localhost/blogs/new]


Processing BlogsController#create (for 127.0.0.1 at 2010-05-09 14:52:53) [POST]
  Parameters: {"commit"=>"Create!", "title"=>"x", "authenticity_token"=>"WuOruuhXqG+1rtfnxeEkzQBj3arIRchZOUKe4772AqY=", "content"=>"vc"}
  [4;36;1mBlog Create (0.3ms)[0m   [0;1mINSERT INTO "blogs" ("updated_at", "title", "content", "created_at") VALUES('2010-05-09 19:52:53', 'x', 'vc', '2010-05-09 19:52:53')[0m
Redirected to http://localhost:9999/blogs
Completed in 8ms (DB: 0) | 302 Found [http://localhost/blogs/create]


Processing BlogsController#index (for 127.0.0.1 at 2010-05-09 14:52:53) [GET]
  [4;35;1mBlog Load (0.4ms)[0m   [0mSELECT * FROM "blogs" [0m
Rendering blogs/index
Completed in 8ms (View: 4, DB: 0) | 200 OK [http://localhost/blogs]


Processing BlogsController#index (for 127.0.0.1 at 2010-05-09 14:54:55) [GET]
  [4;36;1mBlog Load (0.4ms)[0m   [0;1mSELECT * FROM "blogs" [0m
Rendering blogs/index
Completed in 11ms (View: 8, DB: 0) | 200 OK [http://localhost/blogs]


Processing BlogsController#show (for 127.0.0.1 at 2010-05-09 14:54:58) [GET]
  Parameters: {"id"=>"4"}

ActionController::UnknownAction (No action responded to show. Actions: create, destroy, edit, index, and update):
  

Rendering rescues/layout (not_found)


Processing BlogsController#show (for 127.0.0.1 at 2010-05-09 14:55:25) [GET]
  Parameters: {"id"=>"4"}
Rendering blogs/show
Completed in 7ms (View: 5, DB: 0) | 200 OK [http://localhost/blogs/4]


Processing BlogsController#show (for 127.0.0.1 at 2010-05-09 14:56:24) [GET]
  Parameters: {"id"=>"4"}
  [4;35;1mBlog Load (0.2ms)[0m   [0mSELECT * FROM "blogs" WHERE ("blogs"."id" = 4) [0m
Rendering blogs/show
Completed in 5ms (View: 1, DB: 0) | 200 OK [http://localhost/blogs/4]


Processing BlogsController#show (for 127.0.0.1 at 2010-05-09 14:57:43) [GET]
  Parameters: {"id"=>"4"}
  [4;36;1mBlog Load (0.2ms)[0m   [0;1mSELECT * FROM "blogs" WHERE ("blogs"."id" = 4) [0m
Rendering blogs/show
Completed in 9ms (View: 5, DB: 0) | 200 OK [http://localhost/blogs/4]


Processing BlogsController#show (for 127.0.0.1 at 2010-05-09 14:58:09) [GET]
  Parameters: {"id"=>"4"}
  [4;35;1mBlog Load (0.2ms)[0m   [0mSELECT * FROM "blogs" WHERE ("blogs"."id" = 4) [0m
Rendering blogs/show
Completed in 9ms (View: 5, DB: 0) | 200 OK [http://localhost/blogs/4]


Processing BlogsController#show (for 127.0.0.1 at 2010-05-09 14:58:37) [GET]
  Parameters: {"id"=>"4"}
  [4;36;1mBlog Load (0.2ms)[0m   [0;1mSELECT * FROM "blogs" WHERE ("blogs"."id" = 4) [0m
Rendering blogs/show
Completed in 71ms (View: 66, DB: 0) | 200 OK [http://localhost/blogs/4]


Processing BlogsController#show (for 127.0.0.1 at 2010-05-09 14:58:53) [GET]
  Parameters: {"id"=>"4"}
  [4;35;1mBlog Load (0.2ms)[0m   [0mSELECT * FROM "blogs" WHERE ("blogs"."id" = 4) [0m
Rendering blogs/show
Completed in 8ms (View: 4, DB: 0) | 200 OK [http://localhost/blogs/4]


Processing BlogsController#show (for 127.0.0.1 at 2010-05-09 14:59:07) [GET]
  Parameters: {"id"=>"4"}
  [4;36;1mBlog Load (0.2ms)[0m   [0;1mSELECT * FROM "blogs" WHERE ("blogs"."id" = 4) [0m
Rendering blogs/show
Completed in 9ms (View: 4, DB: 0) | 200 OK [http://localhost/blogs/4]


Processing BlogsController#show (for 127.0.0.1 at 2010-05-09 15:01:16) [GET]
  Parameters: {"id"=>"4"}
  [4;35;1mBlog Load (0.2ms)[0m   [0mSELECT * FROM "blogs" WHERE ("blogs"."id" = 4) [0m
Rendering blogs/show
Completed in 10ms (View: 5, DB: 0) | 200 OK [http://localhost/blogs/4]


Processing BlogsController#index (for 127.0.0.1 at 2010-05-09 15:01:17) [GET]
  [4;36;1mBlog Load (0.4ms)[0m   [0;1mSELECT * FROM "blogs" [0m
Rendering blogs/index
Completed in 8ms (View: 5, DB: 0) | 200 OK [http://localhost/blogs]


Processing BlogsController#show (for 127.0.0.1 at 2010-05-09 15:02:10) [GET]
  Parameters: {"id"=>"4"}
  [4;35;1mBlog Load (0.2ms)[0m   [0mSELECT * FROM "blogs" WHERE ("blogs"."id" = 4) [0m
Rendering blogs/show
Completed in 8ms (View: 4, DB: 0) | 200 OK [http://localhost/blogs/4]


Processing BlogsController#index (for 127.0.0.1 at 2010-05-09 15:02:50) [GET]
  [4;36;1mBlog Load (0.5ms)[0m   [0;1mSELECT * FROM "blogs" [0m
Rendering blogs/index
Completed in 9ms (View: 5, DB: 0) | 200 OK [http://localhost/blogs]


Processing BlogsController#destroy (for 127.0.0.1 at 2010-05-09 15:02:52) [DELETE]
  Parameters: {"authenticity_token"=>"WuOruuhXqG+1rtfnxeEkzQBj3arIRchZOUKe4772AqY=", "id"=>"4"}
  [4;35;1mBlog Load (0.2ms)[0m   [0mSELECT * FROM "blogs" WHERE ("blogs"."id" = 4) [0m
  [4;36;1mBlog Destroy (0.2ms)[0m   [0;1mDELETE FROM "blogs" WHERE "id" = 4[0m
Redirected to http://localhost:9999/blogs
Completed in 8ms (DB: 0) | 302 Found [http://localhost/blogs/4]


Processing BlogsController#index (for 127.0.0.1 at 2010-05-09 15:02:52) [GET]
  [4;35;1mBlog Load (0.3ms)[0m   [0mSELECT * FROM "blogs" [0m
Rendering blogs/index
Completed in 4ms (View: 1, DB: 0) | 200 OK [http://localhost/blogs]


Processing BlogsController#new (for 127.0.0.1 at 2010-05-09 15:02:53) [GET]
Rendering blogs/new
Completed in 3ms (View: 2, DB: 0) | 200 OK [http://localhost/blogs/new]
  [4;36;1mSQL (0.4ms)[0m   [0;1m SELECT name
 FROM sqlite_master
 WHERE type = 'table' AND NOT name = 'sqlite_sequence'
[0m
  [4;35;1mSQL (0.1ms)[0m   [0mSELECT version FROM schema_migrations[0m
Migrating to CreateBlogs (20100509191539)
Migrating to CreateComments (20100509200316)
  [4;36;1mSQL (0.1ms)[0m   [0;1mselect sqlite_version(*)[0m
  [4;35;1mSQL (0.4ms)[0m   [0mCREATE TABLE "comments" ("id" INTEGER PRIMARY KEY AUTOINCREMENT NOT NULL, "author" varchar(255), "message" text, "blog_id" integer, "created_at" datetime, "updated_at" datetime) [0m
  [4;36;1mSQL (0.1ms)[0m   [0;1mINSERT INTO schema_migrations (version) VALUES ('20100509200316')[0m
  [4;35;1mSQL (0.3ms)[0m   [0m SELECT name
 FROM sqlite_master
 WHERE type = 'table' AND NOT name = 'sqlite_sequence'
[0m
  [4;36;1mSQL (0.1ms)[0m   [0;1mSELECT version FROM schema_migrations[0m
  [4;35;1mSQL (0.2ms)[0m   [0m SELECT name
 FROM sqlite_master
 WHERE type = 'table' AND NOT name = 'sqlite_sequence'
[0m
  [4;36;1mSQL (0.0ms)[0m   [0;1mPRAGMA index_list("blogs")[0m
  [4;35;1mSQL (0.0ms)[0m   [0mPRAGMA index_list("comments")[0m
  [4;36;1mSQL (0.1ms)[0m   [0;1mSET client_min_messages TO 'panic'[0m
  [4;35;1mSQL (0.1ms)[0m   [0mSET client_min_messages TO 'notice'[0m
  [4;36;1mSQL (3.9ms)[0m   [0;1mCREATE TABLE "schema_migrations" ("version" character varying(255) NOT NULL) [0m
  [4;35;1mSQL (2.3ms)[0m   [0mCREATE UNIQUE INDEX "unique_schema_migrations" ON "schema_migrations" ("version")[0m
  [4;36;1mSQL (0.3ms)[0m   [0;1mSELECT version FROM schema_migrations[0m
Migrating to CreateBlogs (20100509191539)
  [4;35;1mSQL (0.1ms)[0m   [0mBEGIN[0m
  [4;36;1mSQL (5.1ms)[0m   [0;1mCREATE TABLE "blogs" ("id" serial primary key, "title" character varying(255), "content" text, "created_at" timestamp, "updated_at" timestamp) [0m
  [4;35;1mSQL (0.3ms)[0m   [0mINSERT INTO schema_migrations (version) VALUES ('20100509191539')[0m
  [4;36;1mSQL (0.9ms)[0m   [0;1mCOMMIT[0m
Migrating to CreateComments (20100509200316)
  [4;35;1mSQL (0.3ms)[0m   [0mBEGIN[0m
  [4;36;1mSQL (4.0ms)[0m   [0;1mCREATE TABLE "comments" ("id" serial primary key, "author" character varying(255), "message" text, "blog_id" integer, "created_at" timestamp, "updated_at" timestamp) [0m
  [4;35;1mSQL (0.2ms)[0m   [0mINSERT INTO schema_migrations (version) VALUES ('20100509200316')[0m
  [4;36;1mSQL (1.1ms)[0m   [0;1mCOMMIT[0m
  [4;35;1mSQL (0.1ms)[0m   [0mSELECT version FROM schema_migrations[0m


Processing BlogsController#index (for 127.0.0.1 at 2010-05-09 15:10:27) [GET]
  [4;36;1mBlog Load (0.0ms)[0m   [0;1mSQLite3::SQLException: no such table: blogs: SELECT * FROM "blogs" [0m

ActiveRecord::StatementInvalid (SQLite3::SQLException: no such table: blogs: SELECT * FROM "blogs" ):
  app/controllers/blogs_controller.rb:3:in `index'

Rendered rescues/_trace (42.3ms)
Rendered rescues/_request_and_response (0.3ms)
Rendering rescues/layout (internal_server_error)
  [4;36;1mSQL (0.1ms)[0m   [0;1mSET client_min_messages TO 'panic'[0m
  [4;35;1mSQL (0.1ms)[0m   [0mSET client_min_messages TO 'notice'[0m


Processing BlogsController#index (for 127.0.0.1 at 2010-05-09 15:10:38) [GET]
  [4;36;1mBlog Load (1.3ms)[0m   [0;1mSELECT * FROM "blogs" [0m
Rendering blogs/index
Completed in 19ms (View: 15, DB: 2) | 200 OK [http://localhost/blogs]
  [4;35;1mSQL (0.2ms)[0m   [0mSET client_min_messages TO 'panic'[0m
  [4;36;1mSQL (0.1ms)[0m   [0;1mSET client_min_messages TO 'notice'[0m


Processing BlogsController#new (for 127.0.0.1 at 2010-05-09 15:10:41) [GET]
Rendering blogs/new
Completed in 7ms (View: 6, DB: 0) | 200 OK [http://localhost/blogs/new]
  [4;35;1mSQL (0.2ms)[0m   [0mSET client_min_messages TO 'panic'[0m
  [4;36;1mSQL (0.1ms)[0m   [0;1mSET client_min_messages TO 'notice'[0m


Processing BlogsController#create (for 127.0.0.1 at 2010-05-09 15:10:49) [POST]
  Parameters: {"commit"=>"Create!", "title"=>"Blog One", "authenticity_token"=>"WuOruuhXqG+1rtfnxeEkzQBj3arIRchZOUKe4772AqY=", "content"=>"Content One Content One Content One Content One Content One Content One Content One Content One Content One Content One Content One Content One Content One Content One Content One Content One Content One Content One Content One Content One Content One Content One Content One Content One Content One Content One Content One "}
  [4;35;1mSQL (0.1ms)[0m   [0mBEGIN[0m
  [4;36;1mBlog Create (0.6ms)[0m   [0;1mINSERT INTO "blogs" ("updated_at", "title", "content", "created_at") VALUES('2010-05-09 20:10:49.681833', E'Blog One', E'Content One Content One Content One Content One Content One Content One Content One Content One Content One Content One Content One Content One Content One Content One Content One Content One Content One Content One Content One Content One Content One Content One Content One Content One Content One Content One Content One ', '2010-05-09 20:10:49.681833')[0m
  [4;35;1mSQL (0.2ms)[0m   [0mSELECT currval('blogs_id_seq')[0m
  [4;36;1mSQL (0.7ms)[0m   [0;1mCOMMIT[0m
Redirected to http://localhost:9999/blogs
Completed in 14ms (DB: 2) | 302 Found [http://localhost/blogs/create]
  [4;35;1mSQL (0.1ms)[0m   [0mSET client_min_messages TO 'panic'[0m
  [4;36;1mSQL (0.1ms)[0m   [0;1mSET client_min_messages TO 'notice'[0m


Processing BlogsController#index (for 127.0.0.1 at 2010-05-09 15:10:49) [GET]
  [4;35;1mBlog Load (1.2ms)[0m   [0mSELECT * FROM "blogs" [0m
Rendering blogs/index
Completed in 11ms (View: 7, DB: 1) | 200 OK [http://localhost/blogs]
  [4;36;1mSQL (0.2ms)[0m   [0;1mSET client_min_messages TO 'panic'[0m
  [4;35;1mSQL (0.1ms)[0m   [0mSET client_min_messages TO 'notice'[0m


Processing BlogsController#show (for 127.0.0.1 at 2010-05-09 15:10:51) [GET]
  Parameters: {"id"=>"1"}
  [4;36;1mBlog Load (0.4ms)[0m   [0;1mSELECT * FROM "blogs" WHERE ("blogs"."id" = 1) [0m
Rendering blogs/show

ActionView::TemplateError (undefined method `comments' for #<Blog:0x1044d87f8>) on line #8 of app/views/blogs/show.html.erb:
5: <%= @blog.content %>
6: <h3>Comments</h3>
7: <table>
8:   <% @blog.comments.each do |comment| %>
9:     <tr>
10:       <td><%= comment.author %></td>
11:       <td><%= comment.message %></td>

    app/views/blogs/show.html.erb:8

Rendered rescues/_trace (43.0ms)
Rendered rescues/_request_and_response (1.5ms)
Rendering rescues/layout (internal_server_error)
  [4;35;1mSQL (0.2ms)[0m   [0mSET client_min_messages TO 'panic'[0m
  [4;36;1mSQL (0.1ms)[0m   [0;1mSET client_min_messages TO 'notice'[0m


Processing BlogsController#show (for 127.0.0.1 at 2010-05-09 15:11:18) [GET]
  Parameters: {"id"=>"1"}
  [4;35;1mBlog Load (0.5ms)[0m   [0mSELECT * FROM "blogs" WHERE ("blogs"."id" = 1) [0m
Rendering blogs/show
  [4;36;1mComment Load (0.4ms)[0m   [0;1mSELECT * FROM "comments" WHERE ("comments".blog_id = 1) [0m
Completed in 38ms (View: 4, DB: 1) | 200 OK [http://localhost/blogs/1]
  [4;35;1mSQL (0.2ms)[0m   [0mSET client_min_messages TO 'panic'[0m
  [4;36;1mSQL (0.1ms)[0m   [0;1mSET client_min_messages TO 'notice'[0m


Processing BlogsController#show (for 127.0.0.1 at 2010-05-09 15:11:40) [GET]
  Parameters: {"id"=>"1"}
  [4;35;1mBlog Load (0.4ms)[0m   [0mSELECT * FROM "blogs" WHERE ("blogs"."id" = 1) [0m
Rendering blogs/show
  [4;36;1mSQL (0.5ms)[0m   [0;1mSELECT count(*) AS count_all FROM "comments" WHERE ("comments".blog_id = 1) [0m
Completed in 17ms (View: 8, DB: 1) | 200 OK [http://localhost/blogs/1]
  [4;35;1mSQL (0.2ms)[0m   [0mSET client_min_messages TO 'panic'[0m
  [4;36;1mSQL (0.1ms)[0m   [0;1mSET client_min_messages TO 'notice'[0m


Processing BlogsController#show (for 127.0.0.1 at 2010-05-09 15:12:48) [GET]
  Parameters: {"id"=>"1"}
  [4;35;1mBlog Load (0.4ms)[0m   [0mSELECT * FROM "blogs" WHERE ("blogs"."id" = 1) [0m
Rendering blogs/show
ERROR: compiling _run_erb_app47views47blogs47show46html46erb RAISED compile error
/Users/ericmeyer/Projects/fun/teaching_cyrus/blog3/app/views/blogs/show.html.erb:7: syntax error, unexpected ')'
...t(( form_for :comment do |f| ).to_s); @output_buffer.concat ...
                              ^
/Users/ericmeyer/Projects/fun/teaching_cyrus/blog3/app/views/blogs/show.html.erb:18: syntax error, unexpected kENSURE, expecting ')'
/Users/ericmeyer/Projects/fun/teaching_cyrus/blog3/app/views/blogs/show.html.erb:20: syntax error, unexpected kEND, expecting ')'
Function body:           def _run_erb_app47views47blogs47show46html46erb(local_assigns)
            old_output_buffer = output_buffer;;@output_buffer = '';  __in_erb_template=true ; @output_buffer.concat(( link_to "Back to Index", blogs_path ).to_s); @output_buffer.concat "\n"
@output_buffer.concat "<br/>\n"
@output_buffer.concat "<br/>\n"
@output_buffer.concat "<h2>"; @output_buffer.concat(( @blog.title ).to_s); @output_buffer.concat "</h2>\n"
@output_buffer.concat(( @blog.content ).to_s); @output_buffer.concat "\n"
@output_buffer.concat "<h3>Comments ("; @output_buffer.concat(( @blog.comments.size ).to_s); @output_buffer.concat ")</h3>\n"
@output_buffer.concat(( form_for :comment do |f| ).to_s); @output_buffer.concat "\n"
 end 
@output_buffer.concat "\n"
@output_buffer.concat "<table>\n"
@output_buffer.concat "  ";  @blog.comments.each do |comment| ; @output_buffer.concat "\n"
@output_buffer.concat "    <tr>\n"
@output_buffer.concat "      <td>"; @output_buffer.concat(( comment.author ).to_s); @output_buffer.concat "</td>\n"
@output_buffer.concat "      <td>"; @output_buffer.concat(( comment.message ).to_s); @output_buffer.concat "</td>\n"
@output_buffer.concat "    </tr>\n"
@output_buffer.concat "  ";  end 
@output_buffer.concat "</table>"; @output_buffer
          ensure
            self.output_buffer = old_output_buffer
          end
Backtrace: /Users/ericmeyer/Projects/fun/teaching_cyrus/blog3/app/views/blogs/show.html.erb:20:in `compile!'
/opt/local/lib/ruby/gems/1.8/gems/actionpack-2.3.5/lib/action_view/renderable.rb:61:in `compile'
/opt/local/lib/ruby/gems/1.8/gems/actionpack-2.3.5/lib/action_view/renderable.rb:28:in `render'
/opt/local/lib/ruby/gems/1.8/gems/actionpack-2.3.5/lib/action_view/template.rb:205:in `render_template'
/opt/local/lib/ruby/gems/1.8/gems/actionpack-2.3.5/lib/action_view/base.rb:265:in `render'
/opt/local/lib/ruby/gems/1.8/gems/actionpack-2.3.5/lib/action_controller/base.rb:1250:in `render_for_file'
/opt/local/lib/ruby/gems/1.8/gems/actionpack-2.3.5/lib/action_controller/base.rb:945:in `render_without_benchmark'
/opt/local/lib/ruby/gems/1.8/gems/actionpack-2.3.5/lib/action_controller/benchmarking.rb:51:in `render'
/opt/local/lib/ruby/gems/1.8/gems/activesupport-2.3.5/lib/active_support/core_ext/benchmark.rb:17:in `ms'
/opt/local/lib/ruby/gems/1.8/gems/activesupport-2.3.5/lib/active_support/core_ext/benchmark.rb:10:in `realtime'
/opt/local/lib/ruby/gems/1.8/gems/activesupport-2.3.5/lib/active_support/core_ext/benchmark.rb:17:in `ms'
/opt/local/lib/ruby/gems/1.8/gems/actionpack-2.3.5/lib/action_controller/benchmarking.rb:51:in `render'
/opt/local/lib/ruby/gems/1.8/gems/actionpack-2.3.5/lib/action_controller/base.rb:1326:in `default_render'
/opt/local/lib/ruby/gems/1.8/gems/actionpack-2.3.5/lib/action_controller/base.rb:1332:in `perform_action_without_filters'
/opt/local/lib/ruby/gems/1.8/gems/actionpack-2.3.5/lib/action_controller/filters.rb:617:in `call_filters'
/opt/local/lib/ruby/gems/1.8/gems/actionpack-2.3.5/lib/action_controller/filters.rb:610:in `perform_action_without_benchmark'
/opt/local/lib/ruby/gems/1.8/gems/actionpack-2.3.5/lib/action_controller/benchmarking.rb:68:in `perform_action_without_rescue'
/opt/local/lib/ruby/gems/1.8/gems/activesupport-2.3.5/lib/active_support/core_ext/benchmark.rb:17:in `ms'
/opt/local/lib/ruby/gems/1.8/gems/activesupport-2.3.5/lib/active_support/core_ext/benchmark.rb:10:in `realtime'
/opt/local/lib/ruby/gems/1.8/gems/activesupport-2.3.5/lib/active_support/core_ext/benchmark.rb:17:in `ms'
/opt/local/lib/ruby/gems/1.8/gems/actionpack-2.3.5/lib/action_controller/benchmarking.rb:68:in `perform_action_without_rescue'
/opt/local/lib/ruby/gems/1.8/gems/actionpack-2.3.5/lib/action_controller/rescue.rb:160:in `perform_action_without_flash'
/opt/local/lib/ruby/gems/1.8/gems/actionpack-2.3.5/lib/action_controller/flash.rb:146:in `perform_action'
/opt/local/lib/ruby/gems/1.8/gems/actionpack-2.3.5/lib/action_controller/base.rb:532:in `send'
/opt/local/lib/ruby/gems/1.8/gems/actionpack-2.3.5/lib/action_controller/base.rb:532:in `process_without_filters'
/opt/local/lib/ruby/gems/1.8/gems/actionpack-2.3.5/lib/action_controller/filters.rb:606:in `process'
/opt/local/lib/ruby/gems/1.8/gems/actionpack-2.3.5/lib/action_controller/base.rb:391:in `process'
/opt/local/lib/ruby/gems/1.8/gems/actionpack-2.3.5/lib/action_controller/base.rb:386:in `call'
/opt/local/lib/ruby/gems/1.8/gems/actionpack-2.3.5/lib/action_controller/routing/route_set.rb:437:in `call'
/opt/local/lib/ruby/gems/1.8/gems/actionpack-2.3.5/lib/action_controller/dispatcher.rb:87:in `dispatch'
/opt/local/lib/ruby/gems/1.8/gems/actionpack-2.3.5/lib/action_controller/dispatcher.rb:121:in `_call'
/opt/local/lib/ruby/gems/1.8/gems/actionpack-2.3.5/lib/action_controller/dispatcher.rb:130:in `build_middleware_stack'
/opt/local/lib/ruby/gems/1.8/gems/activerecord-2.3.5/lib/active_record/query_cache.rb:29:in `call'
/opt/local/lib/ruby/gems/1.8/gems/activerecord-2.3.5/lib/active_record/query_cache.rb:29:in `call'
/opt/local/lib/ruby/gems/1.8/gems/activerecord-2.3.5/lib/active_record/connection_adapters/abstract/query_cache.rb:34:in `cache'
/opt/local/lib/ruby/gems/1.8/gems/activerecord-2.3.5/lib/active_record/query_cache.rb:9:in `cache'
/opt/local/lib/ruby/gems/1.8/gems/activerecord-2.3.5/lib/active_record/query_cache.rb:28:in `call'
/opt/local/lib/ruby/gems/1.8/gems/activerecord-2.3.5/lib/active_record/connection_adapters/abstract/connection_pool.rb:361:in `call'
/opt/local/lib/ruby/gems/1.8/gems/actionpack-2.3.5/lib/action_controller/string_coercion.rb:25:in `call'
/opt/local/lib/ruby/gems/1.8/gems/rack-1.0.1/lib/rack/head.rb:9:in `call'
/opt/local/lib/ruby/gems/1.8/gems/rack-1.0.1/lib/rack/methodoverride.rb:24:in `call'
/opt/local/lib/ruby/gems/1.8/gems/actionpack-2.3.5/lib/action_controller/params_parser.rb:15:in `call'
/opt/local/lib/ruby/gems/1.8/gems/actionpack-2.3.5/lib/action_controller/session/cookie_store.rb:93:in `call'
/opt/local/lib/ruby/gems/1.8/gems/actionpack-2.3.5/lib/action_controller/failsafe.rb:26:in `call'
/opt/local/lib/ruby/gems/1.8/gems/rack-1.0.1/lib/rack/lock.rb:11:in `call'
/opt/local/lib/ruby/gems/1.8/gems/rack-1.0.1/lib/rack/lock.rb:11:in `synchronize'
/opt/local/lib/ruby/gems/1.8/gems/rack-1.0.1/lib/rack/lock.rb:11:in `call'
/opt/local/lib/ruby/gems/1.8/gems/actionpack-2.3.5/lib/action_controller/dispatcher.rb:114:in `call'
/opt/local/lib/ruby/gems/1.8/gems/actionpack-2.3.5/lib/action_controller/reloader.rb:34:in `run'
/opt/local/lib/ruby/gems/1.8/gems/actionpack-2.3.5/lib/action_controller/dispatcher.rb:108:in `call'
/opt/local/lib/ruby/gems/1.8/gems/rails-2.3.5/lib/rails/rack/static.rb:31:in `call'
/opt/local/lib/ruby/gems/1.8/gems/rack-1.0.1/lib/rack/urlmap.rb:46:in `call'
/opt/local/lib/ruby/gems/1.8/gems/rack-1.0.1/lib/rack/urlmap.rb:40:in `each'
/opt/local/lib/ruby/gems/1.8/gems/rack-1.0.1/lib/rack/urlmap.rb:40:in `call'
/opt/local/lib/ruby/gems/1.8/gems/rails-2.3.5/lib/rails/rack/log_tailer.rb:17:in `call'
/opt/local/lib/ruby/gems/1.8/gems/rack-1.0.1/lib/rack/content_length.rb:13:in `call'
/opt/local/lib/ruby/gems/1.8/gems/rack-1.0.1/lib/rack/chunked.rb:15:in `call'
/opt/local/lib/ruby/gems/1.8/gems/rack-1.0.1/lib/rack/handler/mongrel.rb:64:in `process'
/opt/local/lib/ruby/gems/1.8/gems/mongrel-1.1.5/lib/mongrel.rb:159:in `process_client'
/opt/local/lib/ruby/gems/1.8/gems/mongrel-1.1.5/lib/mongrel.rb:158:in `each'
/opt/local/lib/ruby/gems/1.8/gems/mongrel-1.1.5/lib/mongrel.rb:158:in `process_client'
/opt/local/lib/ruby/gems/1.8/gems/mongrel-1.1.5/lib/mongrel.rb:285:in `run'
/opt/local/lib/ruby/gems/1.8/gems/mongrel-1.1.5/lib/mongrel.rb:285:in `initialize'
/opt/local/lib/ruby/gems/1.8/gems/mongrel-1.1.5/lib/mongrel.rb:285:in `new'
/opt/local/lib/ruby/gems/1.8/gems/mongrel-1.1.5/lib/mongrel.rb:285:in `run'
/opt/local/lib/ruby/gems/1.8/gems/mongrel-1.1.5/lib/mongrel.rb:268:in `initialize'
/opt/local/lib/ruby/gems/1.8/gems/mongrel-1.1.5/lib/mongrel.rb:268:in `new'
/opt/local/lib/ruby/gems/1.8/gems/mongrel-1.1.5/lib/mongrel.rb:268:in `run'
/opt/local/lib/ruby/gems/1.8/gems/rack-1.0.1/lib/rack/handler/mongrel.rb:34:in `run'
/opt/local/lib/ruby/gems/1.8/gems/rails-2.3.5/lib/commands/server.rb:111
/opt/local/lib/ruby/site_ruby/1.8/rubygems/custom_require.rb:31:in `gem_original_require'
/opt/local/lib/ruby/site_ruby/1.8/rubygems/custom_require.rb:31:in `require'
script/server:3

ActionView::TemplateError (compile error
/Users/ericmeyer/Projects/fun/teaching_cyrus/blog3/app/views/blogs/show.html.erb:7: syntax error, unexpected ')'
...t(( form_for :comment do |f| ).to_s); @output_buffer.concat ...
                              ^
/Users/ericmeyer/Projects/fun/teaching_cyrus/blog3/app/views/blogs/show.html.erb:18: syntax error, unexpected kENSURE, expecting ')'
/Users/ericmeyer/Projects/fun/teaching_cyrus/blog3/app/views/blogs/show.html.erb:20: syntax error, unexpected kEND, expecting ')') on line #7 of app/views/blogs/show.html.erb:
4: <h2><%= @blog.title %></h2>
5: <%= @blog.content %>
6: <h3>Comments (<%= @blog.comments.size %>)</h3>
7: <%= form_for :comment do |f| %>
8: <% end -%>
9: 
10: <table>

    app/views/blogs/show.html.erb:20:in `compile!'

Rendered rescues/_trace (41.0ms)
Rendered rescues/_request_and_response (0.4ms)
Rendering rescues/layout (internal_server_error)
  [4;36;1mSQL (0.2ms)[0m   [0;1mSET client_min_messages TO 'panic'[0m
  [4;35;1mSQL (0.1ms)[0m   [0mSET client_min_messages TO 'notice'[0m


Processing BlogsController#show (for 127.0.0.1 at 2010-05-09 15:13:08) [GET]
  Parameters: {"id"=>"1"}
  [4;36;1mBlog Load (0.4ms)[0m   [0;1mSELECT * FROM "blogs" WHERE ("blogs"."id" = 1) [0m
Rendering blogs/show
  [4;35;1mSQL (0.5ms)[0m   [0mSELECT count(*) AS count_all FROM "comments" WHERE ("comments".blog_id = 1) [0m
Completed in 18ms (View: 10, DB: 1) | 200 OK [http://localhost/blogs/1]
  [4;36;1mSQL (0.2ms)[0m   [0;1mSET client_min_messages TO 'panic'[0m
  [4;35;1mSQL (0.1ms)[0m   [0mSET client_min_messages TO 'notice'[0m


Processing BlogsController#show (for 127.0.0.1 at 2010-05-09 15:16:13) [GET]
  Parameters: {"id"=>"1"}
  [4;36;1mBlog Load (1.6ms)[0m   [0;1mSELECT * FROM "blogs" WHERE ("blogs"."id" = 1) [0m
Rendering blogs/show
  [4;35;1mSQL (0.5ms)[0m   [0mSELECT count(*) AS count_all FROM "comments" WHERE ("comments".blog_id = 1) [0m
Completed in 26ms (View: 11, DB: 2) | 200 OK [http://localhost/blogs/1]
  [4;36;1mSQL (0.1ms)[0m   [0;1mSET client_min_messages TO 'panic'[0m
  [4;35;1mSQL (1.0ms)[0m   [0mSET client_min_messages TO 'notice'[0m


Processing ApplicationController#index (for 127.0.0.1 at 2010-05-09 15:16:28) [POST]
  Parameters: {"message"=>"You are wrong", "commit"=>"Create!", "authenticity_token"=>"WuOruuhXqG+1rtfnxeEkzQBj3arIRchZOUKe4772AqY=", "author"=>"Cyrus"}

ActionController::RoutingError (No route matches "/comments/create" with {:method=>:post}):
  

Rendering rescues/layout (not_found)
  [4;36;1mSQL (0.1ms)[0m   [0;1mSET client_min_messages TO 'panic'[0m
  [4;35;1mSQL (0.1ms)[0m   [0mSET client_min_messages TO 'notice'[0m


Processing ApplicationController#index (for 127.0.0.1 at 2010-05-09 15:16:41) [POST]
  Parameters: {"message"=>"You are wrong", "commit"=>"Create!", "authenticity_token"=>"WuOruuhXqG+1rtfnxeEkzQBj3arIRchZOUKe4772AqY=", "author"=>"Cyrus"}

ActionController::RoutingError (No route matches "/comments/create" with {:method=>:post}):
  

Rendering rescues/layout (not_found)
  [4;36;1mSQL (0.1ms)[0m   [0;1mSET client_min_messages TO 'panic'[0m
  [4;35;1mSQL (0.1ms)[0m   [0mSET client_min_messages TO 'notice'[0m


Processing CommentsController#create (for 127.0.0.1 at 2010-05-09 15:16:50) [POST]
  Parameters: {"message"=>"You are wrong", "commit"=>"Create!", "authenticity_token"=>"WuOruuhXqG+1rtfnxeEkzQBj3arIRchZOUKe4772AqY=", "author"=>"Cyrus"}

ActionController::UnknownAction (No action responded to create. Actions: ):
  

Rendering rescues/layout (not_found)
  [4;36;1mSQL (0.2ms)[0m   [0;1mSET client_min_messages TO 'panic'[0m
  [4;35;1mSQL (0.1ms)[0m   [0mSET client_min_messages TO 'notice'[0m


Processing BlogsController#show (for 127.0.0.1 at 2010-05-09 15:18:04) [GET]
  Parameters: {"id"=>"1"}
  [4;36;1mBlog Load (0.4ms)[0m   [0;1mSELECT * FROM "blogs" WHERE ("blogs"."id" = 1) [0m
Rendering blogs/show
  [4;35;1mSQL (0.5ms)[0m   [0mSELECT count(*) AS count_all FROM "comments" WHERE ("comments".blog_id = 1) [0m
Completed in 91ms (View: 77, DB: 1) | 200 OK [http://localhost/blogs/1]
  [4;36;1mSQL (0.2ms)[0m   [0;1mSET client_min_messages TO 'panic'[0m
  [4;35;1mSQL (0.1ms)[0m   [0mSET client_min_messages TO 'notice'[0m


Processing BlogsController#show (for 127.0.0.1 at 2010-05-09 15:18:19) [GET]
  Parameters: {"id"=>"1"}
  [4;36;1mBlog Load (0.4ms)[0m   [0;1mSELECT * FROM "blogs" WHERE ("blogs"."id" = 1) [0m
Rendering blogs/show
  [4;35;1mSQL (0.5ms)[0m   [0mSELECT count(*) AS count_all FROM "comments" WHERE ("comments".blog_id = 1) [0m
Completed in 19ms (View: 11, DB: 1) | 200 OK [http://localhost/blogs/1]
  [4;36;1mSQL (1.1ms)[0m   [0;1mSET client_min_messages TO 'panic'[0m
  [4;35;1mSQL (0.1ms)[0m   [0mSET client_min_messages TO 'notice'[0m


Processing CommentsController#create (for 127.0.0.1 at 2010-05-09 15:18:44) [POST]
  Parameters: {"message"=>"You are wrong", "commit"=>"Create!", "authenticity_token"=>"WuOruuhXqG+1rtfnxeEkzQBj3arIRchZOUKe4772AqY=", "author"=>"Cyrus", "blog_id"=>"1"}

ActionView::MissingTemplate (Missing template comments/create.erb in view path app/views):
  

Rendering rescues/layout (internal_server_error)
  [4;36;1mSQL (0.1ms)[0m   [0;1mSET client_min_messages TO 'panic'[0m
  [4;35;1mSQL (0.2ms)[0m   [0mSET client_min_messages TO 'notice'[0m


Processing CommentsController#create (for 127.0.0.1 at 2010-05-09 15:20:17) [POST]
  Parameters: {"message"=>"You are wrong", "commit"=>"Create!", "authenticity_token"=>"WuOruuhXqG+1rtfnxeEkzQBj3arIRchZOUKe4772AqY=", "author"=>"Cyrus", "blog_id"=>"1"}
  [4;36;1mSQL (0.1ms)[0m   [0;1mBEGIN[0m
  [4;35;1mComment Create (0.6ms)[0m   [0mINSERT INTO "comments" ("message", "updated_at", "author", "blog_id", "created_at") VALUES(E'You are wrong', '2010-05-09 20:20:17.216418', E'Cyrus', 1, '2010-05-09 20:20:17.216418')[0m
  [4;36;1mSQL (0.2ms)[0m   [0;1mSELECT currval('comments_id_seq')[0m
  [4;35;1mSQL (0.6ms)[0m   [0mCOMMIT[0m
Redirected to http://localhost:9999/blogs/1
Completed in 13ms (DB: 2) | 302 Found [http://localhost/comments/create]
  [4;36;1mSQL (0.1ms)[0m   [0;1mSET client_min_messages TO 'panic'[0m
  [4;35;1mSQL (0.1ms)[0m   [0mSET client_min_messages TO 'notice'[0m


Processing BlogsController#show (for 127.0.0.1 at 2010-05-09 15:20:17) [GET]
  Parameters: {"id"=>"1"}
  [4;36;1mBlog Load (0.5ms)[0m   [0;1mSELECT * FROM "blogs" WHERE ("blogs"."id" = 1) [0m
Rendering blogs/show
  [4;35;1mSQL (0.5ms)[0m   [0mSELECT count(*) AS count_all FROM "comments" WHERE ("comments".blog_id = 1) [0m
  [4;36;1mComment Load (0.2ms)[0m   [0;1mSELECT * FROM "comments" WHERE ("comments".blog_id = 1) [0m
Completed in 16ms (View: 8, DB: 1) | 200 OK [http://localhost/blogs/1]
  [4;35;1mSQL (0.1ms)[0m   [0mSET client_min_messages TO 'panic'[0m
  [4;36;1mSQL (0.1ms)[0m   [0;1mSET client_min_messages TO 'notice'[0m


Processing CommentsController#create (for 127.0.0.1 at 2010-05-09 15:20:26) [POST]
  Parameters: {"message"=>"no i'm not\r\n", "commit"=>"Create!", "authenticity_token"=>"WuOruuhXqG+1rtfnxeEkzQBj3arIRchZOUKe4772AqY=", "author"=>"Eric", "blog_id"=>"1"}
  [4;35;1mSQL (0.1ms)[0m   [0mBEGIN[0m
  [4;36;1mComment Create (0.5ms)[0m   [0;1mINSERT INTO "comments" ("message", "updated_at", "author", "blog_id", "created_at") VALUES(E'no i''m not
', '2010-05-09 20:20:26.611484', E'Eric', 1, '2010-05-09 20:20:26.611484')[0m
  [4;35;1mSQL (0.2ms)[0m   [0mSELECT currval('comments_id_seq')[0m
  [4;36;1mSQL (0.6ms)[0m   [0;1mCOMMIT[0m
Redirected to http://localhost:9999/blogs/1
Completed in 13ms (DB: 2) | 302 Found [http://localhost/comments/create]
  [4;35;1mSQL (0.1ms)[0m   [0mSET client_min_messages TO 'panic'[0m
  [4;36;1mSQL (0.1ms)[0m   [0;1mSET client_min_messages TO 'notice'[0m


Processing BlogsController#show (for 127.0.0.1 at 2010-05-09 15:20:26) [GET]
  Parameters: {"id"=>"1"}
  [4;35;1mBlog Load (0.4ms)[0m   [0mSELECT * FROM "blogs" WHERE ("blogs"."id" = 1) [0m
Rendering blogs/show
  [4;36;1mSQL (0.5ms)[0m   [0;1mSELECT count(*) AS count_all FROM "comments" WHERE ("comments".blog_id = 1) [0m
  [4;35;1mComment Load (0.2ms)[0m   [0mSELECT * FROM "comments" WHERE ("comments".blog_id = 1) [0m
Completed in 16ms (View: 8, DB: 1) | 200 OK [http://localhost/blogs/1]
  [4;36;1mSQL (0.1ms)[0m   [0;1mSET client_min_messages TO 'panic'[0m
  [4;35;1mSQL (0.1ms)[0m   [0mSET client_min_messages TO 'notice'[0m


Processing BlogsController#index (for 127.0.0.1 at 2010-05-09 15:20:31) [GET]
  [4;36;1mBlog Load (1.3ms)[0m   [0;1mSELECT * FROM "blogs" [0m
Rendering blogs/index
Completed in 17ms (View: 12, DB: 2) | 200 OK [http://localhost/blogs]
  [4;35;1mSQL (0.1ms)[0m   [0mSET client_min_messages TO 'panic'[0m
  [4;36;1mSQL (0.1ms)[0m   [0;1mSET client_min_messages TO 'notice'[0m


Processing BlogsController#new (for 127.0.0.1 at 2010-05-09 15:20:32) [GET]
Rendering blogs/new
Completed in 8ms (View: 6, DB: 0) | 200 OK [http://localhost/blogs/new]
  [4;35;1mSQL (0.2ms)[0m   [0mSET client_min_messages TO 'panic'[0m
  [4;36;1mSQL (0.2ms)[0m   [0;1mSET client_min_messages TO 'notice'[0m


Processing BlogsController#create (for 127.0.0.1 at 2010-05-09 15:20:38) [POST]
  Parameters: {"commit"=>"Create!", "title"=>"blog two", "authenticity_token"=>"WuOruuhXqG+1rtfnxeEkzQBj3arIRchZOUKe4772AqY=", "content"=>"akdaslkdm\r\n"}
  [4;35;1mSQL (0.1ms)[0m   [0mBEGIN[0m
  [4;36;1mBlog Create (0.5ms)[0m   [0;1mINSERT INTO "blogs" ("updated_at", "title", "content", "created_at") VALUES('2010-05-09 20:20:38.058785', E'blog two', E'akdaslkdm
', '2010-05-09 20:20:38.058785')[0m
  [4;35;1mSQL (0.2ms)[0m   [0mSELECT currval('blogs_id_seq')[0m
  [4;36;1mSQL (0.6ms)[0m   [0;1mCOMMIT[0m
Redirected to http://localhost:9999/blogs
Completed in 14ms (DB: 2) | 302 Found [http://localhost/blogs/create]
  [4;35;1mSQL (0.1ms)[0m   [0mSET client_min_messages TO 'panic'[0m
  [4;36;1mSQL (0.1ms)[0m   [0;1mSET client_min_messages TO 'notice'[0m


Processing BlogsController#index (for 127.0.0.1 at 2010-05-09 15:20:38) [GET]
  [4;35;1mBlog Load (1.2ms)[0m   [0mSELECT * FROM "blogs" [0m
Rendering blogs/index
Completed in 14ms (View: 9, DB: 1) | 200 OK [http://localhost/blogs]
  [4;36;1mSQL (0.1ms)[0m   [0;1mSET client_min_messages TO 'panic'[0m
  [4;35;1mSQL (0.1ms)[0m   [0mSET client_min_messages TO 'notice'[0m


Processing BlogsController#show (for 127.0.0.1 at 2010-05-09 15:20:39) [GET]
  Parameters: {"id"=>"1"}
  [4;36;1mBlog Load (0.4ms)[0m   [0;1mSELECT * FROM "blogs" WHERE ("blogs"."id" = 1) [0m
Rendering blogs/show
  [4;35;1mSQL (0.5ms)[0m   [0mSELECT count(*) AS count_all FROM "comments" WHERE ("comments".blog_id = 1) [0m
  [4;36;1mComment Load (0.2ms)[0m   [0;1mSELECT * FROM "comments" WHERE ("comments".blog_id = 1) [0m
Completed in 17ms (View: 8, DB: 1) | 200 OK [http://localhost/blogs/1]
  [4;35;1mSQL (0.2ms)[0m   [0mSET client_min_messages TO 'panic'[0m
  [4;36;1mSQL (0.1ms)[0m   [0;1mSET client_min_messages TO 'notice'[0m


Processing BlogsController#index (for 127.0.0.1 at 2010-05-09 15:20:41) [GET]
  [4;35;1mBlog Load (1.4ms)[0m   [0mSELECT * FROM "blogs" [0m
Rendering blogs/index
Completed in 14ms (View: 9, DB: 2) | 200 OK [http://localhost/blogs]
  [4;36;1mSQL (0.2ms)[0m   [0;1mSET client_min_messages TO 'panic'[0m
  [4;35;1mSQL (0.1ms)[0m   [0mSET client_min_messages TO 'notice'[0m


Processing BlogsController#show (for 127.0.0.1 at 2010-05-09 15:20:42) [GET]
  Parameters: {"id"=>"2"}
  [4;36;1mBlog Load (0.4ms)[0m   [0;1mSELECT * FROM "blogs" WHERE ("blogs"."id" = 2) [0m
Rendering blogs/show
  [4;35;1mSQL (0.5ms)[0m   [0mSELECT count(*) AS count_all FROM "comments" WHERE ("comments".blog_id = 2) [0m
Completed in 15ms (View: 6, DB: 1) | 200 OK [http://localhost/blogs/2]
  [4;36;1mSQL (0.2ms)[0m   [0;1mSET client_min_messages TO 'panic'[0m
  [4;35;1mSQL (0.1ms)[0m   [0mSET client_min_messages TO 'notice'[0m


Processing BlogsController#index (for 127.0.0.1 at 2010-05-09 15:22:08) [GET]
  [4;36;1mBlog Load (1.3ms)[0m   [0;1mSELECT * FROM "blogs" [0m
Rendering blogs/index
Completed in 14ms (View: 9, DB: 2) | 200 OK [http://localhost/blogs]
  [4;35;1mSQL (0.2ms)[0m   [0mSET client_min_messages TO 'panic'[0m
  [4;36;1mSQL (0.1ms)[0m   [0;1mSET client_min_messages TO 'notice'[0m


Processing BlogsController#show (for 127.0.0.1 at 2010-05-09 15:22:09) [GET]
  Parameters: {"id"=>"2"}
  [4;35;1mBlog Load (0.4ms)[0m   [0mSELECT * FROM "blogs" WHERE ("blogs"."id" = 2) [0m
Rendering blogs/show
  [4;36;1mSQL (0.5ms)[0m   [0;1mSELECT count(*) AS count_all FROM "comments" WHERE ("comments".blog_id = 2) [0m
Completed in 15ms (View: 6, DB: 1) | 200 OK [http://localhost/blogs/2]
  [4;35;1mSQL (0.1ms)[0m   [0mSET client_min_messages TO 'panic'[0m
  [4;36;1mSQL (0.2ms)[0m   [0;1mSET client_min_messages TO 'notice'[0m


Processing CommentsController#create (for 127.0.0.1 at 2010-05-09 15:22:15) [POST]
  Parameters: {"message"=>"comment\r\n", "commit"=>"Create!", "authenticity_token"=>"WuOruuhXqG+1rtfnxeEkzQBj3arIRchZOUKe4772AqY=", "author"=>"new", "blog_id"=>"2"}
  [4;35;1mBlog Load (0.4ms)[0m   [0mSELECT * FROM "blogs" WHERE ("blogs"."id" = 2) [0m
  [4;36;1mSQL (0.1ms)[0m   [0;1mBEGIN[0m
  [4;35;1mComment Create (0.5ms)[0m   [0mINSERT INTO "comments" ("message", "updated_at", "author", "blog_id", "created_at") VALUES(E'comment
', '2010-05-09 20:22:15.457238', E'new', NULL, '2010-05-09 20:22:15.457238')[0m
  [4;36;1mSQL (0.2ms)[0m   [0;1mSELECT currval('comments_id_seq')[0m
  [4;35;1mSQL (0.6ms)[0m   [0mCOMMIT[0m
  [4;36;1mSQL (0.1ms)[0m   [0;1mBEGIN[0m
  [4;35;1mComment Update (0.3ms)[0m   [0mUPDATE "comments" SET "blog_id" = 2, "updated_at" = '2010-05-09 20:22:15.462275' WHERE "id" = 3[0m
  [4;36;1mSQL (0.5ms)[0m   [0;1mCOMMIT[0m
Redirected to http://localhost:9999/blogs/2
Completed in 19ms (DB: 3) | 302 Found [http://localhost/comments/create]
  [4;35;1mSQL (0.1ms)[0m   [0mSET client_min_messages TO 'panic'[0m
  [4;36;1mSQL (0.1ms)[0m   [0;1mSET client_min_messages TO 'notice'[0m


Processing BlogsController#show (for 127.0.0.1 at 2010-05-09 15:22:15) [GET]
  Parameters: {"id"=>"2"}
  [4;35;1mBlog Load (0.4ms)[0m   [0mSELECT * FROM "blogs" WHERE ("blogs"."id" = 2) [0m
Rendering blogs/show
  [4;36;1mSQL (0.5ms)[0m   [0;1mSELECT count(*) AS count_all FROM "comments" WHERE ("comments".blog_id = 2) [0m
  [4;35;1mComment Load (0.2ms)[0m   [0mSELECT * FROM "comments" WHERE ("comments".blog_id = 2) [0m
Completed in 80ms (View: 8, DB: 1) | 200 OK [http://localhost/blogs/2]
